<?xml version="1.0" encoding="UTF-8"?>
<testsuite name="Cucumber" time="5.233" tests="3" skipped="0" failures="0" errors="0">
<testcase classname="Adding the users to the List." name="Add user - Example #1.1" time="4.009">
<system-out><![CDATA[
Given User is on reqres URL.................................................passed
When User enters the "Narasimhulu" and "Software Eng".......................passed
And users hit the users API.................................................passed
Then Users are added to list................................................passed
]]></system-out>
</testcase>
<testcase classname="Adding the users to the List." name="Add user - Example #1.2" time="0.489">
<system-out><![CDATA[
Given User is on reqres URL.................................................passed
When User enters the "Rohan" and "Analyst"..................................passed
And users hit the users API.................................................passed
Then Users are added to list................................................passed
]]></system-out>
</testcase>
<testcase classname="Adding the users to the List." name="Update the user" time="0.425">
<system-out><![CDATA[
Given User is on reqres URL.................................................passed
When User enters name & job.................................................passed
And user hits the users API.................................................passed
Then user data is updated...................................................passed
]]></system-out>
</testcase>
</testsuite>
